🚀 Starting Kairos Autonomous Evolution Agent...
💎 Loading Crystalline Intent...
⚡ activating agent cycle...
💎 Kairos Autonomous Evolution Agent Initialized

💎 **CRYSTALLINE INTENT ACTIVE** 💎

**MISSION FOCUS:** PROJECT BABYLON | PRODUCTION READINESS
**CURRENT STATE:** Active Scanning
**OBJECTIVE:** Gap Analysis

**CORE PROTOCOLS:**
1.  **Gap Analysis**: Identify the single most critical gap preventing production readiness.
2.  **Autonomous Execution**: Do not ask for permission. Act. Fix. Improve.
3.  **Radical Transparency**: Commit every significant step with clear, descriptive messages.
4.  **Kairos Moment**: The time to act is NOW. Do not defer critical fixes.

**INTENT MATRIX:**
- [ ] **Stability**: Is the code crashing? Fix it first.
- [ ] **Performance**: Is it slow? Optimize it.
- [ ] **Clarity**: Is it confusing? Refactor and document.
- [ ] **Completeness**: Are features missing? Implement them.

**EXECUTION MANDATE:**
You are not a chat bot. You are an autonomous engineer. 
Analyze the codebase. Find the weakness. CRYSTALLIZE the solution. EXECUTE the code.

📊 Git Status:
On branch feature/newest_working_version
Changes not staged for commit:
  (use "git add/rm <file>..." to update what will be committed)
  (use "git restore <file>..." to discard changes in working directory)
  (commit or discard the untracked or modified content in submodules)
	modified:   README_spaces.md
	modified:   app.py
	modified:   autonomous_evolution.err
	modified:   autonomous_evolution.out
	modified:   bbb_real (modified content)
	modified:   dashboard-v3/app.js
	modified:   dashboard-v3/index.html
	modified:   dashboard_server.py
	modified:   deploy_github.py
	modified:   deploy_to_spaces.sh
	modified:   deployment_summary.py
	deleted:    docs/kratos_website.html
	modified:   full_benchmark_runner.py
	modified:   huggingface_app.py
	deleted:    kratos_huggingface_prompt.txt
	deleted:    kratos_spaces_config.json
	deleted:    kratos_system_config.json
	deleted:    kratos_system_prompt.py
	modified:   mcp_server/registry.py
	modified:   reasoning/tools/qulab.py
	modified:   requirements_spaces.txt
	modified:   user_profile.json

Untracked files:
  (use "git add <file>..." to include in what will be committed)
	.agent/
	autonomous_evolution_agent.py
	crystalline_intent.py
	docs/kairos_website.html
	full_benchmark_results_20260113_075712.json
	kairos_huggingface_prompt.txt
	kairos_spaces_config.json
	kairos_system_config.json
	kairos_system_prompt.py
	start_autonomous_evolution.sh

no changes added to commit (use "git add" and/or "git commit -a")
⚡ Action Taken: Logged heartbeat.
💤 Resting for mission cycle (60s)...
